2024-06-16 19:38:17,042 Starting the file monitor script on hostname: bastion
2024-06-16 19:38:17,043 Starting the file monitor script on hostname: bastion
2024-06-16 19:39:52,388 Copying file: /mnt/data2024/syncthing/Documents/Scanner/2024_06_16_19_20_25_1.pdf
2024-06-16 19:39:52,391 Copied /mnt/data2024/syncthing/Documents/Scanner/2024_06_16_19_20_25_1.pdf to /mnt/data2024/syncthing/Documents/paperless/consume and /mnt/data2024/syncthing/Documents/Scanner/joplin
2024-06-16 19:41:42,981 Copying file: /mnt/data2024/syncthing/Documents/Scanner/2024_06_16_19_40_03.pdf
2024-06-16 19:41:42,982 Copied /mnt/data2024/syncthing/Documents/Scanner/2024_06_16_19_40_03.pdf to /mnt/data2024/syncthing/Documents/paperless/consume and /mnt/data2024/syncthing/Documents/Scanner/joplin
2024-06-16 19:42:52,430 Copying file: /mnt/data2024/syncthing/Documents/Scanner/2015_04_02_17_00_06.pdf
2024-06-16 19:42:52,434 Copied /mnt/data2024/syncthing/Documents/Scanner/2015_04_02_17_00_06.pdf to /mnt/data2024/syncthing/Documents/paperless/consume and /mnt/data2024/syncthing/Documents/Scanner/joplin
2024-06-16 19:43:22,440 Copying file: /mnt/data2024/syncthing/Documents/Scanner/desktop.ini
2024-06-16 19:43:22,441 Copied /mnt/data2024/syncthing/Documents/Scanner/desktop.ini to /mnt/data2024/syncthing/Documents/paperless/consume and /mnt/data2024/syncthing/Documents/Scanner/joplin
2024-06-16 19:43:22,499 Copying file: /mnt/data2024/syncthing/Documents/Scanner/sync.ffs_db
2024-06-16 19:43:22,500 Copied /mnt/data2024/syncthing/Documents/Scanner/sync.ffs_db to /mnt/data2024/syncthing/Documents/paperless/consume and /mnt/data2024/syncthing/Documents/Scanner/joplin
2024-06-16 19:53:26,704 Starting the file monitor script on hostname: bastion
2024-06-16 19:53:26,705 Starting the file monitor script on hostname: bastion
2024-06-16 19:54:30,050 Copying file: /mnt/data2024/syncthing/Documents/Scanner/2024_06_16_19_46_02.pdf
2024-06-16 19:54:30,051 Copying file: /mnt/data2024/syncthing/Documents/Scanner/2024_06_16_19_46_02.pdf
2024-06-16 19:54:30,061 Copied /mnt/data2024/syncthing/Documents/Scanner/2024_06_16_19_46_02.pdf to /mnt/data2024/syncthing/Documents/paperless/consume and /mnt/data2024/syncthing/Documents/Scanner/joplin
2024-06-16 19:54:30,062 Copied /mnt/data2024/syncthing/Documents/Scanner/2024_06_16_19_46_02.pdf to /mnt/data2024/syncthing/Documents/paperless/consume and /mnt/data2024/syncthing/Documents/Scanner/joplin
2024-06-16 19:54:30,131 Copying file: /mnt/data2024/syncthing/Documents/Scanner/2024_06_16_19_53_34.pdf
2024-06-16 19:54:30,131 Copying file: /mnt/data2024/syncthing/Documents/Scanner/2024_06_16_19_53_34.pdf
2024-06-16 19:54:30,140 Copied /mnt/data2024/syncthing/Documents/Scanner/2024_06_16_19_53_34.pdf to /mnt/data2024/syncthing/Documents/paperless/consume and /mnt/data2024/syncthing/Documents/Scanner/joplin
2024-06-16 19:54:30,140 Copied /mnt/data2024/syncthing/Documents/Scanner/2024_06_16_19_53_34.pdf to /mnt/data2024/syncthing/Documents/paperless/consume and /mnt/data2024/syncthing/Documents/Scanner/joplin
2024-06-16 20:39:13,469 Starting the file monitor script on hostname: bastion
2024-06-16 20:39:13,469 Starting the file monitor script on hostname: bastion
2024-06-16 20:39:18,432 Stopping the file monitor script
2024-06-16 20:39:47,523 Starting the file monitor script on hostname: bastion
2024-06-16 20:39:47,523 Starting the file monitor script on hostname: bastion
2024-06-16 20:39:54,202 Stopping the file monitor script
2024-06-16 20:42:09,436 Starting the file monitor script on hostname: bastion
2024-06-16 20:42:09,436 Starting the file monitor script on hostname: bastion
