2024-05-30 20:46:25,612 Copied H:\My Drive\Documents\Scanner\(Company)_Grace Lih-Fang Lin - Copy.pdf to E:\SyncThing\Documents\paperless\consume and H:\My Drive\Documents\Scanner\joplin
2024-05-31 12:11:59,111 Copied /mnt/data2024/syncthing/Documents/Scanner/.syncthing.2024_05_31_12_02_04.pdf.tmp to /mnt/data2024/syncthing/Documents/paperless/consume and /mnt/data2024/syncthing/Documents/Scanner/joplin
2024-05-31 12:16:59,477 Copied /mnt/data2024/syncthing/Documents/Scanner/test202405311216.txt to /mnt/data2024/syncthing/Documents/paperless/consume and /mnt/data2024/syncthing/Documents/Scanner/joplin
2024-05-31 12:18:28,371 Copied /mnt/data2024/syncthing/Documents/Scanner/.syncthing.2024_05_31_12_02_04 - Copy.pdf.tmp to /mnt/data2024/syncthing/Documents/paperless/consume and /mnt/data2024/syncthing/Documents/Scanner/joplin
2024-05-31 14:38:11,465 Error copying H:\My Drive\Documents\Scanner\24.SP.MTG Workbook.pdf: [Errno 13] Permission denied: 'H:\\My Drive\\Documents\\Scanner\\24.SP.MTG Workbook.pdf'
2024-05-31 14:39:21,328 Error copying H:\My Drive\Documents\Scanner\24.SP.MTG Workbook.pdf: [Errno 13] Permission denied: 'H:\\My Drive\\Documents\\Scanner\\24.SP.MTG Workbook.pdf'
2024-05-31 14:40:03,621 Copied H:\My Drive\Documents\Scanner\24.SP.MTG Workbook.pdf to E:\SyncThing\Documents\paperless\consume and H:\My Drive\Documents\Scanner\joplin
2024-05-31 14:46:17,492 Error copying H:\My Drive\Documents\Scanner\24020540-Rumki Bose-BQAC-Eric Cochran-Proofreading.docx: [Errno 13] Permission denied: 'H:\\My Drive\\Documents\\Scanner\\24020540-Rumki Bose-BQAC-Eric Cochran-Proofreading.docx'
2024-05-31 14:55:35,869 Error copying H:\My Drive\Documents\Scanner\24020540-Rumki Bose-BQAC-Eric Cochran-Proofreading.docx: [Errno 13] Permission denied: 'H:\\My Drive\\Documents\\Scanner\\24020540-Rumki Bose-BQAC-Eric Cochran-Proofreading.docx'
2024-05-31 14:56:01,674 Error copying H:\My Drive\Documents\Scanner\Carboranes_Materials_Horizon__Copy_.pdf: [Errno 13] Permission denied: 'H:\\My Drive\\Documents\\Scanner\\Carboranes_Materials_Horizon__Copy_.pdf'
2024-05-31 14:57:39,864 Error copying H:\My Drive\Documents\Scanner\Carboranes_Materials_Horizon__Copy_.pdf: [Errno 13] Permission denied: 'H:\\My Drive\\Documents\\Scanner\\Carboranes_Materials_Horizon__Copy_.pdf'
2024-05-31 14:58:15,887 Error copying H:\My Drive\Documents\Scanner\24020540-Rumki Bose-BQAC-Eric Cochran-Proofreading.docx: [Errno 13] Permission denied: 'H:\\My Drive\\Documents\\Scanner\\24020540-Rumki Bose-BQAC-Eric Cochran-Proofreading.docx'
2024-05-31 14:59:23,500 Error copying H:\My Drive\Documents\Scanner\Lab Access Form (1).pdf: [Errno 13] Permission denied: 'H:\\My Drive\\Documents\\Scanner\\Lab Access Form (1).pdf'
2024-05-31 15:02:00,585 Error copying H:\My Drive\Documents\Scanner\Lab Access Form (1).pdf: [Errno 13] Permission denied: 'H:\\My Drive\\Documents\\Scanner\\Lab Access Form (1).pdf'
2024-05-31 15:04:03,273 Error copying H:\My Drive\Documents\Scanner\24020540-Rumki Bose-BQAC-Eric Cochran-Proofreading.docx: [Errno 13] Permission denied: 'H:\\My Drive\\Documents\\Scanner\\24020540-Rumki Bose-BQAC-Eric Cochran-Proofreading.docx'
2024-05-31 15:05:30,905 Error copying H:\My Drive\Documents\Scanner\24020540-Rumki Bose-BQAC-Eric Cochran-Proofreading.docx: [Errno 13] Permission denied: 'H:\\My Drive\\Documents\\Scanner\\24020540-Rumki Bose-BQAC-Eric Cochran-Proofreading.docx'
2024-05-31 15:05:50,840 Error copying H:\My Drive\Documents\Scanner\24020540-Rumki Bose-BQAC-Eric Cochran-Proofreading.docx: [Errno 13] Permission denied: 'H:\\My Drive\\Documents\\Scanner\\24020540-Rumki Bose-BQAC-Eric Cochran-Proofreading.docx'
2024-05-31 16:17:18,912 Error copying H:\My Drive\Documents\Scanner\SoyLei-MasterBuilders_Agreement.pdf: [Errno 13] Permission denied: 'H:\\My Drive\\Documents\\Scanner\\SoyLei-MasterBuilders_Agreement.pdf'
2024-05-31 16:17:18,912 Error copying H:\My Drive\Documents\Scanner\SoyLei-MasterBuilders_Agreement.pdf: [Errno 13] Permission denied: 'H:\\My Drive\\Documents\\Scanner\\SoyLei-MasterBuilders_Agreement.pdf'
2024-05-31 16:17:21,787 Copied H:\My Drive\Documents\Scanner\SoyLei-MasterBuilders_Agreement.pdf to E:\SyncThing\Documents\paperless\consume and H:\My Drive\Documents\Scanner\joplin
2024-05-31 16:17:42,641 Error copying H:\My Drive\Documents\Scanner\SoyLei-MasterBuilders_Agreement.pdf: [Errno 13] Permission denied: 'H:\\My Drive\\Documents\\Scanner\\SoyLei-MasterBuilders_Agreement.pdf'
2024-05-31 16:21:11,789 Copied H:\My Drive\Documents\Scanner\SoyLei-MasterBuilders_Agreement.pdf to E:\SyncThing\Documents\paperless\consume and H:\My Drive\Documents\Scanner\joplin
2024-05-31 16:22:21,343 Error copying H:\My Drive\Documents\Scanner\2024_05_31_16_19_58.pdf: [Errno 13] Permission denied: 'H:\\My Drive\\Documents\\Scanner\\2024_05_31_16_19_58.pdf'
2024-05-31 16:22:50,840 Error copying H:\My Drive\Documents\Scanner\2024_05_31_16_19_58.pdf: [Errno 13] Permission denied: 'H:\\My Drive\\Documents\\Scanner\\2024_05_31_16_19_58.pdf'
2024-06-16 18:41:43,731 Copied E:\SyncThing\Documents\Scanner\2024_06_16_18_20_32 - Copy.pdf to E:\SyncThing\Documents\paperless\consume and E:\SyncThing\Documents\Scanner\joplin
2024-06-16 18:42:11,470 Error copying E:\SyncThing\Documents\Scanner\2024_06_16_18_20_32 - Copy.pdf: [Errno 13] Permission denied: 'E:\\SyncThing\\Documents\\Scanner\\2024_06_16_18_20_32 - Copy.pdf'
2024-06-16 18:47:06,398 Copied E:\SyncThing\Documents\Scanner\~syncthing~2024_06_16_18_20_32 - Copy.pdf.tmp to E:\SyncThing\Documents\paperless\consume and E:\SyncThing\Documents\Scanner\joplin
2024-06-16 18:53:51,132 Copied E:\SyncThing\Documents\Scanner\tmp.pdf to E:\SyncThing\Documents\paperless\consume and E:\SyncThing\Documents\Scanner\joplin
2024-06-16 18:54:35,670 Copied E:\SyncThing\Documents\Scanner\tmp.pfg to E:\SyncThing\Documents\paperless\consume and E:\SyncThing\Documents\Scanner\joplin
2024-06-16 18:56:13,525 Copied E:\SyncThing\Documents\Scanner\tmp.pfg to E:\SyncThing\Documents\paperless\consume and E:\SyncThing\Documents\Scanner\joplin
2024-06-16 19:08:00,608 Starting the file monitor script on hostname: bastion
2024-06-16 19:08:22,031 Copied /mnt/data2024/syncthing/Documents/Scanner/tmp.pdf to /mnt/data2024/syncthing/Documents/paperless/consume and /mnt/data2024/syncthing/Documents/Scanner/joplin
2024-06-16 19:18:23,527 Starting the file monitor script on hostname: bastion
